This is pdfTeX, Version 3.1415926-2.5-1.40.14 (TeX Live 2013/Debian) (format=latex 2015.8.30)  30 AUG 2015 00:55
entering extended mode
 restricted \write18 enabled.
 %&-line parsing enabled.
**informe_tp0.tex
(./informe_tp0.tex
LaTeX2e <2011/06/27>
Babel <3.9h> and hyphenation patterns for 5 languages loaded.
(/usr/share/texlive/texmf-dist/tex/latex/base/article.cls
Document Class: article 2007/10/19 v1.4h Standard LaTeX document class
(/usr/share/texlive/texmf-dist/tex/latex/base/size10.clo
File: size10.clo 2007/10/19 v1.4h Standard LaTeX file (size option)
)
\c@part=\count79
\c@section=\count80
\c@subsection=\count81
\c@subsubsection=\count82
\c@paragraph=\count83
\c@subparagraph=\count84
\c@figure=\count85
\c@table=\count86
\abovecaptionskip=\skip41
\belowcaptionskip=\skip42
\bibindent=\dimen102
)
(/usr/share/texlive/texmf-dist/tex/generic/babel/babel.sty
Package: babel 2013/12/03 3.9h The Babel package

(/usr/share/texlive/texmf-dist/tex/generic/babel-spanish/spanish.ldf
Language: spanish.ldf 2014/01/29 v5.0m Spanish support from the babel system

(/usr/share/texlive/texmf-dist/tex/generic/babel/babel.def
File: babel.def 2013/12/03 3.9h Babel common definitions
\babel@savecnt=\count87
\U@D=\dimen103
)
\es@datefmt=\count88
\es@quottoks=\toks14
\es@quotdepth=\count89
Package babel Info: Making " an active character on input line 496.
Package babel Info: Making . an active character on input line 599.
Package babel Info: Making < an active character on input line 644.
Package babel Info: Making > an active character on input line 644.
))
(/usr/share/texlive/texmf-dist/tex/latex/base/inputenc.sty
Package: inputenc 2008/03/30 v1.1d Input encoding file
\inpenc@prehook=\toks15
\inpenc@posthook=\toks16

(/usr/share/texlive/texmf-dist/tex/latex/base/latin1.def
File: latin1.def 2008/03/30 v1.1d Input encoding file
)) (./informe_tp0.aux
LaTeX Info: Redefining \. on input line 6.
LaTeX Info: Redefining \% on input line 6.
)
\openout1 = `informe_tp0.aux'.

LaTeX Font Info:    Checking defaults for OML/cmm/m/it on input line 4.
LaTeX Font Info:    ... okay on input line 4.
LaTeX Font Info:    Checking defaults for T1/cmr/m/n on input line 4.
LaTeX Font Info:    ... okay on input line 4.
LaTeX Font Info:    Checking defaults for OT1/cmr/m/n on input line 4.
LaTeX Font Info:    ... okay on input line 4.
LaTeX Font Info:    Checking defaults for OMS/cmsy/m/n on input line 4.
LaTeX Font Info:    ... okay on input line 4.
LaTeX Font Info:    Checking defaults for OMX/cmex/m/n on input line 4.
LaTeX Font Info:    ... okay on input line 4.
LaTeX Font Info:    Checking defaults for U/cmr/m/n on input line 4.
LaTeX Font Info:    ... okay on input line 4.
LaTeX Info: Redefining \. on input line 4.
LaTeX Info: Redefining \% on input line 4.

! Missing $ inserted.
<inserted text> 
                $
l.5  \section{Una sección}
                           
? 
LaTeX Font Info:    External font `cmex10' loaded for size
(Font)              <14.4> on input line 5.
LaTeX Font Info:    External font `cmex10' loaded for size
(Font)              <7> on input line 5.
! Extra }, or forgotten $.
\maththreesuperior ->{^3}
                         
l.5  \section{Una sección}
                           
? 
! Missing $ inserted.
<inserted text> 
                $
l.5  \section{Una sección}
                           
? 
! Missing } inserted.
<inserted text> 
                }
l.5  \section{Una sección}
                           
? 
! Missing $ inserted.
<inserted text> 
                $
l.6  Texto de ``Una secció
                           n''
? 
LaTeX Font Info:    External font `cmex10' loaded for size
(Font)              <5> on input line 6.
! Extra }, or forgotten $.
\maththreesuperior ->{^3}
                         
l.6  Texto de ``Una secció
                           n''
? 
! Missing $ inserted.
<inserted text> 
                $
l.7  \subsection
                {Una subsección}
? 
! Missing $ inserted.
<inserted text> 
                $
l.7  \subsection{Una subsección}
                                 
? 
LaTeX Font Info:    External font `cmex10' loaded for size
(Font)              <12> on input line 7.
LaTeX Font Info:    External font `cmex10' loaded for size
(Font)              <8> on input line 7.
LaTeX Font Info:    External font `cmex10' loaded for size
(Font)              <6> on input line 7.
! Extra }, or forgotten $.
\maththreesuperior ->{^3}
                         
l.7  \subsection{Una subsección}
                                 
? 
! Missing $ inserted.
<inserted text> 
                $
l.7  \subsection{Una subsección}
                                 
? 
! Missing } inserted.
<inserted text> 
                }
l.7  \subsection{Una subsección}
                                 
? 
! Missing $ inserted.
<inserted text> 
                $
l.8  Texto de ``Una subsecció
                              n''
? 
! Extra }, or forgotten $.
\maththreesuperior ->{^3}
                         
l.8  Texto de ``Una subsecció
                              n''
? 
! Missing $ inserted.
<inserted text> 
                $
l.9  \section
             {Otra sección}
? 
! Missing $ inserted.
<inserted text> 
                $
l.9  \section{Otra sección}
                            
? 
! Extra }, or forgotten $.
\maththreesuperior ->{^3}
                         
l.9  \section{Otra sección}
                            
? 
! Missing $ inserted.
<inserted text> 
                $
l.9  \section{Otra sección}
                            
? 
! Missing } inserted.
<inserted text> 
                }
l.9  \section{Otra sección}
                            
? 
! Missing $ inserted.
<inserted text> 
                $
l.10  Texto de ``Otra secció
                             n''
? 
! Extra }, or forgotten $.
\maththreesuperior ->{^3}
                         
l.10  Texto de ``Otra secció
                             n''
? 
! Missing $ inserted.
<inserted text> 
                $
l.11 \end{document}
                   
? 
[1

] (./informe_tp0.aux
LaTeX Info: Redefining \. on input line 6.
LaTeX Info: Redefining \% on input line 6.
) )
(\end occurred inside a group at level 3)

### simple group (level 3) entered at line 10 ({)
### simple group (level 2) entered at line 8 ({)
### simple group (level 1) entered at line 6 ({)
### bottom level 
Here is how much of TeX's memory you used:
 990 strings out of 494967
 12150 string characters out of 6179585
 67383 words of memory out of 5000000
 4266 multiletter control sequences out of 15000+600000
 7903 words of font info for 28 fonts, out of 8000000 for 9000
 40 hyphenation exceptions out of 8191
 25i,4n,26p,179b,268s stack positions out of 5000i,500n,10000p,200000b,80000s

Output written on informe_tp0.dvi (1 page, 940 bytes).
