This is pdfTeX, Version 3.1415926-2.5-1.40.14 (TeX Live 2013/Debian) (format=pdflatex 2015.9.7)  7 SEP 2015 14:23
entering extended mode
 restricted \write18 enabled.
 %&-line parsing enabled.
**tp0.tex tpo.pdf
(./tp0.tex
LaTeX2e <2011/06/27>
Babel <3.9h> and hyphenation patterns for 5 languages loaded.
(/usr/share/texlive/texmf-dist/tex/latex/base/article.cls
Document Class: article 2007/10/19 v1.4h Standard LaTeX document class
(/usr/share/texlive/texmf-dist/tex/latex/base/size10.clo
File: size10.clo 2007/10/19 v1.4h Standard LaTeX file (size option)
)
\c@part=\count79
\c@section=\count80
\c@subsection=\count81
\c@subsubsection=\count82
\c@paragraph=\count83
\c@subparagraph=\count84
\c@figure=\count85
\c@table=\count86
\abovecaptionskip=\skip41
\belowcaptionskip=\skip42
\bibindent=\dimen102
)
(/usr/share/texlive/texmf-dist/tex/latex/graphics/graphicx.sty
Package: graphicx 1999/02/16 v1.0f Enhanced LaTeX Graphics (DPC,SPQR)

(/usr/share/texlive/texmf-dist/tex/latex/graphics/keyval.sty
Package: keyval 1999/03/16 v1.13 key=value parser (DPC)
\KV@toks@=\toks14
)
(/usr/share/texlive/texmf-dist/tex/latex/graphics/graphics.sty
Package: graphics 2009/02/05 v1.0o Standard LaTeX Graphics (DPC,SPQR)

(/usr/share/texlive/texmf-dist/tex/latex/graphics/trig.sty
Package: trig 1999/03/16 v1.09 sin cos tan (DPC)
)
(/usr/share/texlive/texmf-dist/tex/latex/latexconfig/graphics.cfg
File: graphics.cfg 2010/04/23 v1.9 graphics configuration of TeX Live
)
Package graphics Info: Driver file: pdftex.def on input line 91.

(/usr/share/texlive/texmf-dist/tex/latex/pdftex-def/pdftex.def
File: pdftex.def 2011/05/27 v0.06d Graphics/color for pdfTeX

(/usr/share/texlive/texmf-dist/tex/generic/oberdiek/infwarerr.sty
Package: infwarerr 2010/04/08 v1.3 Providing info/warning/error messages (HO)
)
(/usr/share/texlive/texmf-dist/tex/generic/oberdiek/ltxcmds.sty
Package: ltxcmds 2011/11/09 v1.22 LaTeX kernel commands for general use (HO)
)
\Gread@gobject=\count87
))
\Gin@req@height=\dimen103
\Gin@req@width=\dimen104
)
(/usr/share/texlive/texmf-dist/tex/generic/babel/babel.sty
Package: babel 2013/12/03 3.9h The Babel package

(/usr/share/texlive/texmf-dist/tex/generic/babel-spanish/spanish.ldf
Language: spanish.ldf 2014/01/29 v5.0m Spanish support from the babel system

(/usr/share/texlive/texmf-dist/tex/generic/babel/babel.def
File: babel.def 2013/12/03 3.9h Babel common definitions
\babel@savecnt=\count88
\U@D=\dimen105
)
\es@datefmt=\count89
\es@quottoks=\toks15
\es@quotdepth=\count90
Package babel Info: Making " an active character on input line 496.
Package babel Info: Making . an active character on input line 599.
Package babel Info: Making < an active character on input line 644.
Package babel Info: Making > an active character on input line 644.
))
(/usr/share/texlive/texmf-dist/tex/latex/base/inputenc.sty
Package: inputenc 2008/03/30 v1.1d Input encoding file
\inpenc@prehook=\toks16
\inpenc@posthook=\toks17

(/usr/share/texlive/texmf-dist/tex/latex/base/latin1.def
File: latin1.def 2008/03/30 v1.1d Input encoding file
))
(/usr/share/texlive/texmf-dist/tex/latex/hyperref/hyperref.sty
Package: hyperref 2012/11/06 v6.83m Hypertext links for LaTeX

(/usr/share/texlive/texmf-dist/tex/generic/oberdiek/hobsub-hyperref.sty
Package: hobsub-hyperref 2012/05/28 v1.13 Bundle oberdiek, subset hyperref (HO)


(/usr/share/texlive/texmf-dist/tex/generic/oberdiek/hobsub-generic.sty
Package: hobsub-generic 2012/05/28 v1.13 Bundle oberdiek, subset generic (HO)
Package: hobsub 2012/05/28 v1.13 Construct package bundles (HO)
Package hobsub Info: Skipping package `infwarerr' (already loaded).
Package hobsub Info: Skipping package `ltxcmds' (already loaded).
Package: ifluatex 2010/03/01 v1.3 Provides the ifluatex switch (HO)
Package ifluatex Info: LuaTeX not detected.
Package: ifvtex 2010/03/01 v1.5 Detect VTeX and its facilities (HO)
Package ifvtex Info: VTeX not detected.
Package: intcalc 2007/09/27 v1.1 Expandable calculations with integers (HO)
Package: ifpdf 2011/01/30 v2.3 Provides the ifpdf switch (HO)
Package ifpdf Info: pdfTeX in PDF mode is detected.
Package: etexcmds 2011/02/16 v1.5 Avoid name clashes with e-TeX commands (HO)
Package etexcmds Info: Could not find \expanded.
(etexcmds)             That can mean that you are not using pdfTeX 1.50 or
(etexcmds)             that some package has redefined \expanded.
(etexcmds)             In the latter case, load this package earlier.
Package: kvsetkeys 2012/04/25 v1.16 Key value parser (HO)
Package: kvdefinekeys 2011/04/07 v1.3 Define keys (HO)
Package: pdftexcmds 2011/11/29 v0.20 Utility functions of pdfTeX for LuaTeX (HO
)
Package pdftexcmds Info: LuaTeX not detected.
Package pdftexcmds Info: \pdf@primitive is available.
Package pdftexcmds Info: \pdf@ifprimitive is available.
Package pdftexcmds Info: \pdfdraftmode found.
Package: pdfescape 2011/11/25 v1.13 Implements pdfTeX's escape features (HO)
Package: bigintcalc 2012/04/08 v1.3 Expandable calculations on big integers (HO
)
Package: bitset 2011/01/30 v1.1 Handle bit-vector datatype (HO)
Package: uniquecounter 2011/01/30 v1.2 Provide unlimited unique counter (HO)
)
Package hobsub Info: Skipping package `hobsub' (already loaded).
Package: letltxmacro 2010/09/02 v1.4 Let assignment for LaTeX macros (HO)
Package: hopatch 2012/05/28 v1.2 Wrapper for package hooks (HO)
Package: xcolor-patch 2011/01/30 xcolor patch
Package: atveryend 2011/06/30 v1.8 Hooks at the very end of document (HO)
Package atveryend Info: \enddocument detected (standard20110627).
Package: atbegshi 2011/10/05 v1.16 At begin shipout hook (HO)
Package: refcount 2011/10/16 v3.4 Data extraction from label references (HO)
Package: hycolor 2011/01/30 v1.7 Color options for hyperref/bookmark (HO)
)
(/usr/share/texlive/texmf-dist/tex/generic/ifxetex/ifxetex.sty
Package: ifxetex 2010/09/12 v0.6 Provides ifxetex conditional
)
(/usr/share/texlive/texmf-dist/tex/latex/oberdiek/auxhook.sty
Package: auxhook 2011/03/04 v1.3 Hooks for auxiliary files (HO)
)
(/usr/share/texlive/texmf-dist/tex/latex/oberdiek/kvoptions.sty
Package: kvoptions 2011/06/30 v3.11 Key value format for package options (HO)
)
\@linkdim=\dimen106
\Hy@linkcounter=\count91
\Hy@pagecounter=\count92

(/usr/share/texlive/texmf-dist/tex/latex/hyperref/pd1enc.def
File: pd1enc.def 2012/11/06 v6.83m Hyperref: PDFDocEncoding definition (HO)
)
\Hy@SavedSpaceFactor=\count93

(/usr/share/texlive/texmf-dist/tex/latex/latexconfig/hyperref.cfg
File: hyperref.cfg 2002/06/06 v1.2 hyperref configuration of TeXLive
)
Package hyperref Info: Hyper figures OFF on input line 4443.
Package hyperref Info: Link nesting OFF on input line 4448.
Package hyperref Info: Hyper index ON on input line 4451.
Package hyperref Info: Plain pages OFF on input line 4458.
Package hyperref Info: Backreferencing OFF on input line 4463.
Package hyperref Info: Implicit mode ON; LaTeX internals redefined.
Package hyperref Info: Bookmarks ON on input line 4688.
\c@Hy@tempcnt=\count94

(/usr/share/texlive/texmf-dist/tex/latex/url/url.sty
\Urlmuskip=\muskip10
Package: url 2013/09/16  ver 3.4  Verb mode for urls, etc.
)
LaTeX Info: Redefining \url on input line 5041.
\XeTeXLinkMargin=\dimen107
\Fld@menulength=\count95
\Field@Width=\dimen108
\Fld@charsize=\dimen109
Package hyperref Info: Hyper figures OFF on input line 6295.
Package hyperref Info: Link nesting OFF on input line 6300.
Package hyperref Info: Hyper index ON on input line 6303.
Package hyperref Info: backreferencing OFF on input line 6310.
Package hyperref Info: Link coloring OFF on input line 6315.
Package hyperref Info: Link coloring with OCG OFF on input line 6320.
Package hyperref Info: PDF/A mode OFF on input line 6325.
LaTeX Info: Redefining \ref on input line 6365.
LaTeX Info: Redefining \pageref on input line 6369.
\Hy@abspage=\count96
\c@Item=\count97
\c@Hfootnote=\count98
)

Package hyperref Message: Driver (autodetected): hpdftex.

(/usr/share/texlive/texmf-dist/tex/latex/hyperref/hpdftex.def
File: hpdftex.def 2012/11/06 v6.83m Hyperref driver for pdfTeX
\Fld@listcount=\count99
\c@bookmark@seq@number=\count100

(/usr/share/texlive/texmf-dist/tex/latex/oberdiek/rerunfilecheck.sty
Package: rerunfilecheck 2011/04/15 v1.7 Rerun checks for auxiliary files (HO)
Package uniquecounter Info: New unique counter `rerunfilecheck' on input line 2
82.
)
\Hy@SectionHShift=\skip43
)
(./tp0.aux
LaTeX Info: Redefining \. on input line 23.
LaTeX Info: Redefining \% on input line 23.
)
\openout1 = `tp0.aux'.

LaTeX Font Info:    Checking defaults for OML/cmm/m/it on input line 29.
LaTeX Font Info:    ... okay on input line 29.
LaTeX Font Info:    Checking defaults for T1/cmr/m/n on input line 29.
LaTeX Font Info:    ... okay on input line 29.
LaTeX Font Info:    Checking defaults for OT1/cmr/m/n on input line 29.
LaTeX Font Info:    ... okay on input line 29.
LaTeX Font Info:    Checking defaults for OMS/cmsy/m/n on input line 29.
LaTeX Font Info:    ... okay on input line 29.
LaTeX Font Info:    Checking defaults for OMX/cmex/m/n on input line 29.
LaTeX Font Info:    ... okay on input line 29.
LaTeX Font Info:    Checking defaults for U/cmr/m/n on input line 29.
LaTeX Font Info:    ... okay on input line 29.
LaTeX Font Info:    Checking defaults for PD1/pdf/m/n on input line 29.
LaTeX Font Info:    ... okay on input line 29.
 (/usr/share/texlive/texmf-dist/tex/context/base/supp-pdf.mkii
[Loading MPS to PDF converter (version 2006.09.02).]
\scratchcounter=\count101
\scratchdimen=\dimen110
\scratchbox=\box26
\nofMPsegments=\count102
\nofMParguments=\count103
\everyMPshowfont=\toks18
\MPscratchCnt=\count104
\MPscratchDim=\dimen111
\MPnumerator=\count105
\makeMPintoPDFobject=\count106
\everyMPtoPDFconversion=\toks19
) (/usr/share/texlive/texmf-dist/tex/latex/oberdiek/epstopdf-base.sty
Package: epstopdf-base 2010/02/09 v2.5 Base part for package epstopdf

(/usr/share/texlive/texmf-dist/tex/latex/oberdiek/grfext.sty
Package: grfext 2010/08/19 v1.1 Manage graphics extensions (HO)
)
Package grfext Info: Graphics extension search list:
(grfext)             [.png,.pdf,.jpg,.mps,.jpeg,.jbig2,.jb2,.PNG,.PDF,.JPG,.JPE
G,.JBIG2,.JB2,.eps]
(grfext)             \AppendGraphicsExtensions on input line 452.

(/usr/share/texlive/texmf-dist/tex/latex/latexconfig/epstopdf-sys.cfg
File: epstopdf-sys.cfg 2010/07/13 v1.3 Configuration of (r)epstopdf for TeX Liv
e
))
LaTeX Info: Redefining \. on input line 29.
LaTeX Info: Redefining \% on input line 29.
\AtBeginShipoutBox=\box27
Package hyperref Info: Link coloring OFF on input line 29.

(/usr/share/texlive/texmf-dist/tex/latex/hyperref/nameref.sty
Package: nameref 2012/10/27 v2.43 Cross-referencing by name of section

(/usr/share/texlive/texmf-dist/tex/generic/oberdiek/gettitlestring.sty
Package: gettitlestring 2010/12/03 v1.4 Cleanup title references (HO)
)
\c@section@level=\count107
)
LaTeX Info: Redefining \ref on input line 29.
LaTeX Info: Redefining \pageref on input line 29.
LaTeX Info: Redefining \nameref on input line 29.

(./tp0.out) (./tp0.out)
\@outlinefile=\write3
\openout3 = `tp0.out'.

LaTeX Font Info:    External font `cmex10' loaded for size
(Font)              <17.28> on input line 33.
LaTeX Font Info:    External font `cmex10' loaded for size
(Font)              <12> on input line 33.
LaTeX Font Info:    External font `cmex10' loaded for size
(Font)              <8> on input line 33.
LaTeX Font Info:    External font `cmex10' loaded for size
(Font)              <6> on input line 33.
LaTeX Font Info:    External font `cmex10' loaded for size
(Font)              <5> on input line 33.
Package babel Info: Redefining spanish shorthand <<
(babel)             in language  on input line 40.
Package babel Info: Redefining spanish shorthand >>
(babel)             in language  on input line 40.
Package babel Info: Redefining spanish shorthand "=
(babel)             in language  on input line 40.
Package babel Info: Redefining spanish shorthand "~
(babel)             in language  on input line 40.
Package babel Info: Redefining spanish shorthand "!
(babel)             in language  on input line 40.
Package babel Info: Redefining spanish shorthand "?
(babel)             in language  on input line 40.
Package babel Info: Redefining spanish shorthand <<
(babel)             in language  on input line 40.
Package babel Info: Redefining spanish shorthand >>
(babel)             in language  on input line 40.
Package babel Info: Redefining spanish shorthand "=
(babel)             in language  on input line 40.
Package babel Info: Redefining spanish shorthand "~
(babel)             in language  on input line 40.
Package babel Info: Redefining spanish shorthand "!
(babel)             in language  on input line 40.
Package babel Info: Redefining spanish shorthand "?
(babel)             in language  on input line 40.
 [1

{/var/lib/texmf/fonts/map/pdftex/updmap/pdftex.map}]
(./tp0.toc
LaTeX Info: Redefining \. on input line 1.
LaTeX Info: Redefining \% on input line 1.
LaTeX Font Info:    External font `cmex10' loaded for size
(Font)              <7> on input line 4.
)
\tf@toc=\write4
\openout4 = `tp0.toc'.

Package babel Info: Redefining spanish shorthand <<
(babel)             in language  on input line 42.
Package babel Info: Redefining spanish shorthand >>
(babel)             in language  on input line 42.
Package babel Info: Redefining spanish shorthand "=
(babel)             in language  on input line 42.
Package babel Info: Redefining spanish shorthand "~
(babel)             in language  on input line 42.
Package babel Info: Redefining spanish shorthand "!
(babel)             in language  on input line 42.
Package babel Info: Redefining spanish shorthand "?
(babel)             in language  on input line 42.
Package babel Info: Redefining spanish shorthand <<
(babel)             in language  on input line 42.
Package babel Info: Redefining spanish shorthand >>
(babel)             in language  on input line 42.
Package babel Info: Redefining spanish shorthand "=
(babel)             in language  on input line 42.
Package babel Info: Redefining spanish shorthand "~
(babel)             in language  on input line 42.
Package babel Info: Redefining spanish shorthand "!
(babel)             in language  on input line 42.
Package babel Info: Redefining spanish shorthand "?
(babel)             in language  on input line 42.
 [2]
Package babel Info: Redefining spanish shorthand <<
(babel)             in language  on input line 47.
Package babel Info: Redefining spanish shorthand >>
(babel)             in language  on input line 47.
Package babel Info: Redefining spanish shorthand "=
(babel)             in language  on input line 47.
Package babel Info: Redefining spanish shorthand "~
(babel)             in language  on input line 47.
Package babel Info: Redefining spanish shorthand "!
(babel)             in language  on input line 47.
Package babel Info: Redefining spanish shorthand "?
(babel)             in language  on input line 47.
Package babel Info: Redefining spanish shorthand <<
(babel)             in language  on input line 59.
Package babel Info: Redefining spanish shorthand >>
(babel)             in language  on input line 59.
Package babel Info: Redefining spanish shorthand "=
(babel)             in language  on input line 59.
Package babel Info: Redefining spanish shorthand "~
(babel)             in language  on input line 59.
Package babel Info: Redefining spanish shorthand "!
(babel)             in language  on input line 59.
Package babel Info: Redefining spanish shorthand "?
(babel)             in language  on input line 59.
Package babel Info: Redefining spanish shorthand <<
(babel)             in language  on input line 61.
Package babel Info: Redefining spanish shorthand >>
(babel)             in language  on input line 61.
Package babel Info: Redefining spanish shorthand "=
(babel)             in language  on input line 61.
Package babel Info: Redefining spanish shorthand "~
(babel)             in language  on input line 61.
Package babel Info: Redefining spanish shorthand "!
(babel)             in language  on input line 61.
Package babel Info: Redefining spanish shorthand "?
(babel)             in language  on input line 61.


LaTeX Warning: Citation `Kernighan+Ritchie' on page 3 undefined on input line 6
3.

Package babel Info: Redefining spanish shorthand <<
(babel)             in language  on input line 86.
Package babel Info: Redefining spanish shorthand >>
(babel)             in language  on input line 86.
Package babel Info: Redefining spanish shorthand "=
(babel)             in language  on input line 86.
Package babel Info: Redefining spanish shorthand "~
(babel)             in language  on input line 86.
Package babel Info: Redefining spanish shorthand "!
(babel)             in language  on input line 86.
Package babel Info: Redefining spanish shorthand "?
(babel)             in language  on input line 86.
Package babel Info: Redefining spanish shorthand <<
(babel)             in language  on input line 109.
Package babel Info: Redefining spanish shorthand >>
(babel)             in language  on input line 109.
Package babel Info: Redefining spanish shorthand "=
(babel)             in language  on input line 109.
Package babel Info: Redefining spanish shorthand "~
(babel)             in language  on input line 109.
Package babel Info: Redefining spanish shorthand "!
(babel)             in language  on input line 109.
Package babel Info: Redefining spanish shorthand "?
(babel)             in language  on input line 109.
Package babel Info: Redefining spanish shorthand <<
(babel)             in language  on input line 115.
Package babel Info: Redefining spanish shorthand >>
(babel)             in language  on input line 115.
Package babel Info: Redefining spanish shorthand "=
(babel)             in language  on input line 115.
Package babel Info: Redefining spanish shorthand "~
(babel)             in language  on input line 115.
Package babel Info: Redefining spanish shorthand "!
(babel)             in language  on input line 115.
Package babel Info: Redefining spanish shorthand "?
(babel)             in language  on input line 115.
Package babel Info: Redefining spanish shorthand <<
(babel)             in language  on input line 115.
Package babel Info: Redefining spanish shorthand >>
(babel)             in language  on input line 115.
Package babel Info: Redefining spanish shorthand "=
(babel)             in language  on input line 115.
Package babel Info: Redefining spanish shorthand "~
(babel)             in language  on input line 115.
Package babel Info: Redefining spanish shorthand "!
(babel)             in language  on input line 115.
Package babel Info: Redefining spanish shorthand "?
(babel)             in language  on input line 115.
[3]
Package babel Info: Redefining spanish shorthand <<
(babel)             in language  on input line 133.
Package babel Info: Redefining spanish shorthand >>
(babel)             in language  on input line 133.
Package babel Info: Redefining spanish shorthand "=
(babel)             in language  on input line 133.
Package babel Info: Redefining spanish shorthand "~
(babel)             in language  on input line 133.
Package babel Info: Redefining spanish shorthand "!
(babel)             in language  on input line 133.
Package babel Info: Redefining spanish shorthand "?
(babel)             in language  on input line 133.
Package babel Info: Redefining spanish shorthand <<
(babel)             in language  on input line 133.
Package babel Info: Redefining spanish shorthand >>
(babel)             in language  on input line 133.
Package babel Info: Redefining spanish shorthand "=
(babel)             in language  on input line 133.
Package babel Info: Redefining spanish shorthand "~
(babel)             in language  on input line 133.
Package babel Info: Redefining spanish shorthand "!
(babel)             in language  on input line 133.
Package babel Info: Redefining spanish shorthand "?
(babel)             in language  on input line 133.
 [4]
Package babel Info: Redefining spanish shorthand <<
(babel)             in language  on input line 134.
Package babel Info: Redefining spanish shorthand >>
(babel)             in language  on input line 134.
Package babel Info: Redefining spanish shorthand "=
(babel)             in language  on input line 134.
Package babel Info: Redefining spanish shorthand "~
(babel)             in language  on input line 134.
Package babel Info: Redefining spanish shorthand "!
(babel)             in language  on input line 134.
Package babel Info: Redefining spanish shorthand "?
(babel)             in language  on input line 134.
Package babel Info: Redefining spanish shorthand <<
(babel)             in language  on input line 147.
Package babel Info: Redefining spanish shorthand >>
(babel)             in language  on input line 147.
Package babel Info: Redefining spanish shorthand "=
(babel)             in language  on input line 147.
Package babel Info: Redefining spanish shorthand "~
(babel)             in language  on input line 147.
Package babel Info: Redefining spanish shorthand "!
(babel)             in language  on input line 147.
Package babel Info: Redefining spanish shorthand "?
(babel)             in language  on input line 147.


LaTeX Warning: Citation `latex' on page 5 undefined on input line 169.


LaTeX Warning: Citation `latex' on page 5 undefined on input line 173.


LaTeX Warning: Citation `latex' on page 5 undefined on input line 175.

Package babel Info: Redefining spanish shorthand <<
(babel)             in language  on input line 183.
Package babel Info: Redefining spanish shorthand >>
(babel)             in language  on input line 183.
Package babel Info: Redefining spanish shorthand "=
(babel)             in language  on input line 183.
Package babel Info: Redefining spanish shorthand "~
(babel)             in language  on input line 183.
Package babel Info: Redefining spanish shorthand "!
(babel)             in language  on input line 183.
Package babel Info: Redefining spanish shorthand "?
(babel)             in language  on input line 183.
Package babel Info: Redefining spanish shorthand <<
(babel)             in language  on input line 183.
Package babel Info: Redefining spanish shorthand >>
(babel)             in language  on input line 183.
Package babel Info: Redefining spanish shorthand "=
(babel)             in language  on input line 183.
Package babel Info: Redefining spanish shorthand "~
(babel)             in language  on input line 183.
Package babel Info: Redefining spanish shorthand "!
(babel)             in language  on input line 183.
Package babel Info: Redefining spanish shorthand "?
(babel)             in language  on input line 183.
[5]

LaTeX Warning: Citation `latex' on page 6 undefined on input line 187.

Package babel Info: Redefining spanish shorthand <<
(babel)             in language  on input line 205.
Package babel Info: Redefining spanish shorthand >>
(babel)             in language  on input line 205.
Package babel Info: Redefining spanish shorthand "=
(babel)             in language  on input line 205.
Package babel Info: Redefining spanish shorthand "~
(babel)             in language  on input line 205.
Package babel Info: Redefining spanish shorthand "!
(babel)             in language  on input line 205.
Package babel Info: Redefining spanish shorthand "?
(babel)             in language  on input line 205.
<Net_BSD_Corriendo.png, id=143, 569.12625pt x 234.1247pt>
File: Net_BSD_Corriendo.png Graphic file (type png)

<use Net_BSD_Corriendo.png>
Package pdftex.def Info: Net_BSD_Corriendo.png used on input line 210.
(pdftex.def)             Requested size: 312.99435pt x 227.63297pt.
Package babel Info: Redefining spanish shorthand <<
(babel)             in language  on input line 212.
Package babel Info: Redefining spanish shorthand >>
(babel)             in language  on input line 212.
Package babel Info: Redefining spanish shorthand "=
(babel)             in language  on input line 212.
Package babel Info: Redefining spanish shorthand "~
(babel)             in language  on input line 212.
Package babel Info: Redefining spanish shorthand "!
(babel)             in language  on input line 212.
Package babel Info: Redefining spanish shorthand "?
(babel)             in language  on input line 212.
Package babel Info: Redefining spanish shorthand <<
(babel)             in language  on input line 212.
Package babel Info: Redefining spanish shorthand >>
(babel)             in language  on input line 212.
Package babel Info: Redefining spanish shorthand "=
(babel)             in language  on input line 212.
Package babel Info: Redefining spanish shorthand "~
(babel)             in language  on input line 212.
Package babel Info: Redefining spanish shorthand "!
(babel)             in language  on input line 212.
Package babel Info: Redefining spanish shorthand "?
(babel)             in language  on input line 212.
 [6 <./Net_BSD_Corriendo.png>]
<Pasarde_Linux_a_NetBsd.png, id=155, 557.83406pt x 679.03688pt>
File: Pasarde_Linux_a_NetBsd.png Graphic file (type png)

<use Pasarde_Linux_a_NetBsd.png>
Package pdftex.def Info: Pasarde_Linux_a_NetBsd.png used on input line 216.
(pdftex.def)             Requested size: 312.98927pt x 227.61604pt.

<Copiar_de_NetBsd_a_Linux.png, id=156, 563.10374pt x 383.93437pt>
File: Copiar_de_NetBsd_a_Linux.png Graphic file (type png)

<use Copiar_de_NetBsd_a_Linux.png>
Package pdftex.def Info: Copiar_de_NetBsd_a_Linux.png used on input line 220.
(pdftex.def)             Requested size: 312.98166pt x 227.62654pt.
Package babel Info: Redefining spanish shorthand <<
(babel)             in language  on input line 222.
Package babel Info: Redefining spanish shorthand >>
(babel)             in language  on input line 222.
Package babel Info: Redefining spanish shorthand "=
(babel)             in language  on input line 222.
Package babel Info: Redefining spanish shorthand "~
(babel)             in language  on input line 222.
Package babel Info: Redefining spanish shorthand "!
(babel)             in language  on input line 222.
Package babel Info: Redefining spanish shorthand "?
(babel)             in language  on input line 222.
Package babel Info: Redefining spanish shorthand <<
(babel)             in language  on input line 222.
Package babel Info: Redefining spanish shorthand >>
(babel)             in language  on input line 222.
Package babel Info: Redefining spanish shorthand "=
(babel)             in language  on input line 222.
Package babel Info: Redefining spanish shorthand "~
(babel)             in language  on input line 222.
Package babel Info: Redefining spanish shorthand "!
(babel)             in language  on input line 222.
Package babel Info: Redefining spanish shorthand "?
(babel)             in language  on input line 222.
 [7 <./Pasarde_Linux_a_NetBsd.png> <./Copiar_de_NetBsd_a_Linux.png>] <help_msg.
png, id=167, 545.78906pt x 350.81062pt>
File: help_msg.png Graphic file (type png)

<use help_msg.png>
Package pdftex.def Info: help_msg.png used on input line 226.
(pdftex.def)             Requested size: 312.9768pt x 227.62807pt.
 <Version_Msg.png, id=168, 569.87906pt x 184.43906pt>
File: Version_Msg.png Graphic file (type png)

<use Version_Msg.png>
Package pdftex.def Info: Version_Msg.png used on input line 230.
(pdftex.def)             Requested size: 312.97357pt x 227.62135pt.
Package babel Info: Redefining spanish shorthand <<
(babel)             in language  on input line 232.
Package babel Info: Redefining spanish shorthand >>
(babel)             in language  on input line 232.
Package babel Info: Redefining spanish shorthand "=
(babel)             in language  on input line 232.
Package babel Info: Redefining spanish shorthand "~
(babel)             in language  on input line 232.
Package babel Info: Redefining spanish shorthand "!
(babel)             in language  on input line 232.
Package babel Info: Redefining spanish shorthand "?
(babel)             in language  on input line 232.
Package babel Info: Redefining spanish shorthand <<
(babel)             in language  on input line 232.
Package babel Info: Redefining spanish shorthand >>
(babel)             in language  on input line 232.
Package babel Info: Redefining spanish shorthand "=
(babel)             in language  on input line 232.
Package babel Info: Redefining spanish shorthand "~
(babel)             in language  on input line 232.
Package babel Info: Redefining spanish shorthand "!
(babel)             in language  on input line 232.
Package babel Info: Redefining spanish shorthand "?
(babel)             in language  on input line 232.
 [8 <./help_msg.png> <./Version_Msg.png>]
<Prueba_1.png, id=178, 345.54094pt x 170.88844pt>
File: Prueba_1.png Graphic file (type png)
 <use Prueba_1.png>
Package pdftex.def Info: Prueba_1.png used on input line 236.
(pdftex.def)             Requested size: 312.98752pt x 227.6386pt.

<Prueba_varios_archivos.png, id=179, 380.17032pt x 238.64156pt>
File: Prueba_varios_archivos.png Graphic file (type png)

<use Prueba_varios_archivos.png>
Package pdftex.def Info: Prueba_varios_archivos.png used on input line 240.
(pdftex.def)             Requested size: 312.98888pt x 227.62216pt.
Package babel Info: Redefining spanish shorthand <<
(babel)             in language  on input line 242.
Package babel Info: Redefining spanish shorthand >>
(babel)             in language  on input line 242.
Package babel Info: Redefining spanish shorthand "=
(babel)             in language  on input line 242.
Package babel Info: Redefining spanish shorthand "~
(babel)             in language  on input line 242.
Package babel Info: Redefining spanish shorthand "!
(babel)             in language  on input line 242.
Package babel Info: Redefining spanish shorthand "?
(babel)             in language  on input line 242.
Package babel Info: Redefining spanish shorthand <<
(babel)             in language  on input line 242.
Package babel Info: Redefining spanish shorthand >>
(babel)             in language  on input line 242.
Package babel Info: Redefining spanish shorthand "=
(babel)             in language  on input line 242.
Package babel Info: Redefining spanish shorthand "~
(babel)             in language  on input line 242.
Package babel Info: Redefining spanish shorthand "!
(babel)             in language  on input line 242.
Package babel Info: Redefining spanish shorthand "?
(babel)             in language  on input line 242.
 [9 <./Prueba_1.png> <./Prueba_varios_archivos.png>] <Varios_Archivos_y_Stdin.p
ng, id=189, 371.88937pt x 404.26031pt>
File: Varios_Archivos_y_Stdin.png Graphic file (type png)

<use Varios_Archivos_y_Stdin.png>
Package pdftex.def Info: Varios_Archivos_y_Stdin.png used on input line 245.
(pdftex.def)             Requested size: 312.98643pt x 227.6241pt.

<Solo_Stdin.png, id=190, 394.47375pt x 271.76532pt>
File: Solo_Stdin.png Graphic file (type png)
 <use Solo_Stdin.png>
Package pdftex.def Info: Solo_Stdin.png used on input line 249.
(pdftex.def)             Requested size: 312.97914pt x 227.63025pt.
Package babel Info: Redefining spanish shorthand <<
(babel)             in language  on input line 251.
Package babel Info: Redefining spanish shorthand >>
(babel)             in language  on input line 251.
Package babel Info: Redefining spanish shorthand "=
(babel)             in language  on input line 251.
Package babel Info: Redefining spanish shorthand "~
(babel)             in language  on input line 251.
Package babel Info: Redefining spanish shorthand "!
(babel)             in language  on input line 251.
Package babel Info: Redefining spanish shorthand "?
(babel)             in language  on input line 251.
Package babel Info: Redefining spanish shorthand <<
(babel)             in language  on input line 251.
Package babel Info: Redefining spanish shorthand >>
(babel)             in language  on input line 251.
Package babel Info: Redefining spanish shorthand "=
(babel)             in language  on input line 251.
Package babel Info: Redefining spanish shorthand "~
(babel)             in language  on input line 251.
Package babel Info: Redefining spanish shorthand "!
(babel)             in language  on input line 251.
Package babel Info: Redefining spanish shorthand "?
(babel)             in language  on input line 251.

[10 <./Varios_Archivos_y_Stdin.png> <./Solo_Stdin.png>]
<No_Reg_File.png, id=199, 360.59718pt x 162.6075pt>
File: No_Reg_File.png Graphic file (type png)
 <use No_Reg_File.png>
Package pdftex.def Info: No_Reg_File.png used on input line 255.
(pdftex.def)             Requested size: 312.9797pt x 227.63902pt.
Package babel Info: Redefining spanish shorthand <<
(babel)             in language  on input line 257.
Package babel Info: Redefining spanish shorthand >>
(babel)             in language  on input line 257.
Package babel Info: Redefining spanish shorthand "=
(babel)             in language  on input line 257.
Package babel Info: Redefining spanish shorthand "~
(babel)             in language  on input line 257.
Package babel Info: Redefining spanish shorthand "!
(babel)             in language  on input line 257.
Package babel Info: Redefining spanish shorthand "?
(babel)             in language  on input line 257.
Package babel Info: Redefining spanish shorthand <<
(babel)             in language  on input line 257.
Package babel Info: Redefining spanish shorthand >>
(babel)             in language  on input line 257.
Package babel Info: Redefining spanish shorthand "=
(babel)             in language  on input line 257.
Package babel Info: Redefining spanish shorthand "~
(babel)             in language  on input line 257.
Package babel Info: Redefining spanish shorthand "!
(babel)             in language  on input line 257.
Package babel Info: Redefining spanish shorthand "?
(babel)             in language  on input line 257.

[11 <./No_Reg_File.png>]
<No_Existe_Archivo.png, id=207, 414.79968pt x 160.34906pt>
File: No_Existe_Archivo.png Graphic file (type png)

<use No_Existe_Archivo.png>
Package pdftex.def Info: No_Existe_Archivo.png used on input line 260.
(pdftex.def)             Requested size: 312.99147pt x 227.62874pt.

<Mala_Invocacion.png, id=208, 452.4403pt x 167.12437pt>
File: Mala_Invocacion.png Graphic file (type png)

<use Mala_Invocacion.png>
Package pdftex.def Info: Mala_Invocacion.png used on input line 264.
(pdftex.def)             Requested size: 312.97807pt x 227.64058pt.
Package babel Info: Redefining spanish shorthand <<
(babel)             in language  on input line 266.
Package babel Info: Redefining spanish shorthand >>
(babel)             in language  on input line 266.
Package babel Info: Redefining spanish shorthand "=
(babel)             in language  on input line 266.
Package babel Info: Redefining spanish shorthand "~
(babel)             in language  on input line 266.
Package babel Info: Redefining spanish shorthand "!
(babel)             in language  on input line 266.
Package babel Info: Redefining spanish shorthand "?
(babel)             in language  on input line 266.
Package babel Info: Redefining spanish shorthand <<
(babel)             in language  on input line 266.
Package babel Info: Redefining spanish shorthand >>
(babel)             in language  on input line 266.
Package babel Info: Redefining spanish shorthand "=
(babel)             in language  on input line 266.
Package babel Info: Redefining spanish shorthand "~
(babel)             in language  on input line 266.
Package babel Info: Redefining spanish shorthand "!
(babel)             in language  on input line 266.
Package babel Info: Redefining spanish shorthand "?
(babel)             in language  on input line 266.
 [12 <./No_Existe_Archivo.png> <./Mala_Invocacion.png>] <Generar_Assembler.png,
 id=217, 438.13687pt x 192.72pt>
File: Generar_Assembler.png Graphic file (type png)

<use Generar_Assembler.png>
Package pdftex.def Info: Generar_Assembler.png used on input line 269.
(pdftex.def)             Requested size: 312.9847pt x 227.62227pt.
Package babel Info: Redefining spanish shorthand <<
(babel)             in language  on input line 273.
Package babel Info: Redefining spanish shorthand >>
(babel)             in language  on input line 273.
Package babel Info: Redefining spanish shorthand "=
(babel)             in language  on input line 273.
Package babel Info: Redefining spanish shorthand "~
(babel)             in language  on input line 273.
Package babel Info: Redefining spanish shorthand "!
(babel)             in language  on input line 273.
Package babel Info: Redefining spanish shorthand "?
(babel)             in language  on input line 273.
Package babel Info: Redefining spanish shorthand <<
(babel)             in language  on input line 273.
Package babel Info: Redefining spanish shorthand >>
(babel)             in language  on input line 273.
Package babel Info: Redefining spanish shorthand "=
(babel)             in language  on input line 273.
Package babel Info: Redefining spanish shorthand "~
(babel)             in language  on input line 273.
Package babel Info: Redefining spanish shorthand "!
(babel)             in language  on input line 273.
Package babel Info: Redefining spanish shorthand "?
(babel)             in language  on input line 273.
 [13 <./Generar_Assembler.png>]
Package babel Info: Redefining spanish shorthand <<
(babel)             in language  on input line 274.
Package babel Info: Redefining spanish shorthand >>
(babel)             in language  on input line 274.
Package babel Info: Redefining spanish shorthand "=
(babel)             in language  on input line 274.
Package babel Info: Redefining spanish shorthand "~
(babel)             in language  on input line 274.
Package babel Info: Redefining spanish shorthand "!
(babel)             in language  on input line 274.
Package babel Info: Redefining spanish shorthand "?
(babel)             in language  on input line 274.


LaTeX Warning: Citation `latex' on page 14 undefined on input line 280.


LaTeX Warning: Citation `latex' on page 14 undefined on input line 284.

Package babel Info: Redefining spanish shorthand <<
(babel)             in language  on input line 293.
Package babel Info: Redefining spanish shorthand >>
(babel)             in language  on input line 293.
Package babel Info: Redefining spanish shorthand "=
(babel)             in language  on input line 293.
Package babel Info: Redefining spanish shorthand "~
(babel)             in language  on input line 293.
Package babel Info: Redefining spanish shorthand "!
(babel)             in language  on input line 293.
Package babel Info: Redefining spanish shorthand "?
(babel)             in language  on input line 293.
Package babel Info: Redefining spanish shorthand <<
(babel)             in language  on input line 294.
Package babel Info: Redefining spanish shorthand >>
(babel)             in language  on input line 294.
Package babel Info: Redefining spanish shorthand "=
(babel)             in language  on input line 294.
Package babel Info: Redefining spanish shorthand "~
(babel)             in language  on input line 294.
Package babel Info: Redefining spanish shorthand "!
(babel)             in language  on input line 294.
Package babel Info: Redefining spanish shorthand "?
(babel)             in language  on input line 294.

Underfull \hbox (badness 10000) in paragraph at lines 295--300

 []


Underfull \hbox (badness 10000) in paragraph at lines 295--300

 []


Underfull \hbox (badness 10000) in paragraph at lines 301--328

 []


Underfull \hbox (badness 10000) in paragraph at lines 301--328

 []


Underfull \hbox (badness 10000) in paragraph at lines 301--328

 []


Underfull \hbox (badness 10000) in paragraph at lines 301--328

 []


Underfull \hbox (badness 10000) in paragraph at lines 301--328

 []


Underfull \hbox (badness 10000) in paragraph at lines 301--328

 []


Underfull \hbox (badness 10000) in paragraph at lines 301--328

 []


Underfull \hbox (badness 10000) in paragraph at lines 301--328

 []


Underfull \hbox (badness 10000) in paragraph at lines 301--328

 []

Package babel Info: Redefining spanish shorthand <<
(babel)             in language  on input line 328.
Package babel Info: Redefining spanish shorthand >>
(babel)             in language  on input line 328.
Package babel Info: Redefining spanish shorthand "=
(babel)             in language  on input line 328.
Package babel Info: Redefining spanish shorthand "~
(babel)             in language  on input line 328.
Package babel Info: Redefining spanish shorthand "!
(babel)             in language  on input line 328.
Package babel Info: Redefining spanish shorthand "?
(babel)             in language  on input line 328.
Package babel Info: Redefining spanish shorthand <<
(babel)             in language  on input line 328.
Package babel Info: Redefining spanish shorthand >>
(babel)             in language  on input line 328.
Package babel Info: Redefining spanish shorthand "=
(babel)             in language  on input line 328.
Package babel Info: Redefining spanish shorthand "~
(babel)             in language  on input line 328.
Package babel Info: Redefining spanish shorthand "!
(babel)             in language  on input line 328.
Package babel Info: Redefining spanish shorthand "?
(babel)             in language  on input line 328.
[14]
Underfull \hbox (badness 10000) in paragraph at lines 329--332

 []


Underfull \hbox (badness 10000) in paragraph at lines 329--332

 []


Underfull \hbox (badness 10000) in paragraph at lines 333--336

 []


Underfull \hbox (badness 10000) in paragraph at lines 333--336

 []


Overfull \hbox (43.97296pt too wide) in paragraph at lines 337--338
[]\OT1/cmr/m/n/10 Un con-jun-to de 10 prue-bas de ar-chi-vos bi-na-rios alea-to
-rios uti-li-zan-do /etc/dev/urandom 
 []


Underfull \hbox (badness 10000) in paragraph at lines 337--338

 []


Underfull \hbox (badness 10000) in paragraph at lines 337--338

 []

Package babel Info: Redefining spanish shorthand <<
(babel)             in language  on input line 339.
Package babel Info: Redefining spanish shorthand >>
(babel)             in language  on input line 339.
Package babel Info: Redefining spanish shorthand "=
(babel)             in language  on input line 339.
Package babel Info: Redefining spanish shorthand "~
(babel)             in language  on input line 339.
Package babel Info: Redefining spanish shorthand "!
(babel)             in language  on input line 339.
Package babel Info: Redefining spanish shorthand "?
(babel)             in language  on input line 339.
Package babel Info: Redefining spanish shorthand <<
(babel)             in language  on input line 340.
Package babel Info: Redefining spanish shorthand >>
(babel)             in language  on input line 340.
Package babel Info: Redefining spanish shorthand "=
(babel)             in language  on input line 340.
Package babel Info: Redefining spanish shorthand "~
(babel)             in language  on input line 340.
Package babel Info: Redefining spanish shorthand "!
(babel)             in language  on input line 340.
Package babel Info: Redefining spanish shorthand "?
(babel)             in language  on input line 340.

Underfull \hbox (badness 10000) in paragraph at lines 341--343

 []


Underfull \hbox (badness 10000) in paragraph at lines 344--345

 []


Underfull \hbox (badness 10000) in paragraph at lines 354--365

 []

Package babel Info: Redefining spanish shorthand <<
(babel)             in language  on input line 365.
Package babel Info: Redefining spanish shorthand >>
(babel)             in language  on input line 365.
Package babel Info: Redefining spanish shorthand "=
(babel)             in language  on input line 365.
Package babel Info: Redefining spanish shorthand "~
(babel)             in language  on input line 365.
Package babel Info: Redefining spanish shorthand "!
(babel)             in language  on input line 365.
Package babel Info: Redefining spanish shorthand "?
(babel)             in language  on input line 365.
Package babel Info: Redefining spanish shorthand <<
(babel)             in language  on input line 365.
Package babel Info: Redefining spanish shorthand >>
(babel)             in language  on input line 365.
Package babel Info: Redefining spanish shorthand "=
(babel)             in language  on input line 365.
Package babel Info: Redefining spanish shorthand "~
(babel)             in language  on input line 365.
Package babel Info: Redefining spanish shorthand "!
(babel)             in language  on input line 365.
Package babel Info: Redefining spanish shorthand "?
(babel)             in language  on input line 365.
[15]
Underfull \hbox (badness 10000) in paragraph at lines 366--368

 []


Underfull \hbox (badness 10000) in paragraph at lines 369--370

 []


Underfull \hbox (badness 10000) in paragraph at lines 371--383

 []

Package babel Info: Redefining spanish shorthand <<
(babel)             in language  on input line 383.
Package babel Info: Redefining spanish shorthand >>
(babel)             in language  on input line 383.
Package babel Info: Redefining spanish shorthand "=
(babel)             in language  on input line 383.
Package babel Info: Redefining spanish shorthand "~
(babel)             in language  on input line 383.
Package babel Info: Redefining spanish shorthand "!
(babel)             in language  on input line 383.
Package babel Info: Redefining spanish shorthand "?
(babel)             in language  on input line 383.

Underfull \hbox (badness 10000) in paragraph at lines 384--392

 []

No file tp0.bbl.
Package atveryend Info: Empty hook `BeforeClearDocument' on input line 396.
Package babel Info: Redefining spanish shorthand <<
(babel)             in language  on input line 396.
Package babel Info: Redefining spanish shorthand >>
(babel)             in language  on input line 396.
Package babel Info: Redefining spanish shorthand "=
(babel)             in language  on input line 396.
Package babel Info: Redefining spanish shorthand "~
(babel)             in language  on input line 396.
Package babel Info: Redefining spanish shorthand "!
(babel)             in language  on input line 396.
Package babel Info: Redefining spanish shorthand "?
(babel)             in language  on input line 396.
Package babel Info: Redefining spanish shorthand <<
(babel)             in language  on input line 396.
Package babel Info: Redefining spanish shorthand >>
(babel)             in language  on input line 396.
Package babel Info: Redefining spanish shorthand "=
(babel)             in language  on input line 396.
Package babel Info: Redefining spanish shorthand "~
(babel)             in language  on input line 396.
Package babel Info: Redefining spanish shorthand "!
(babel)             in language  on input line 396.
Package babel Info: Redefining spanish shorthand "?
(babel)             in language  on input line 396.
[16]
Package atveryend Info: Empty hook `AfterLastShipout' on input line 396.
 (./tp0.aux
LaTeX Info: Redefining \. on input line 23.
LaTeX Info: Redefining \% on input line 23.
)
Package atveryend Info: Executing hook `AtVeryEndDocument' on input line 396.
Package atveryend Info: Executing hook `AtEndAfterFileList' on input line 396.
Package rerunfilecheck Info: File `tp0.out' has not changed.
(rerunfilecheck)             Checksum: 4795C5757D285A37622EB3E8067E2B04;847.


LaTeX Warning: There were undefined references.

Package atveryend Info: Empty hook `AtVeryVeryEnd' on input line 396.
 ) 
Here is how much of TeX's memory you used:
 5973 strings out of 494966
 87257 string characters out of 6179560
 174707 words of memory out of 5000000
 9053 multiletter control sequences out of 15000+600000
 11165 words of font info for 40 fonts, out of 8000000 for 9000
 40 hyphenation exceptions out of 8191
 29i,10n,32p,602b,512s stack positions out of 5000i,500n,10000p,200000b,80000s
</usr/share/texlive/texmf-dist/fonts/type1/public/amsfonts/cm/cmbx10.pfb></us
r/share/texlive/texmf-dist/fonts/type1/public/amsfonts/cm/cmbx12.pfb></usr/shar
e/texlive/texmf-dist/fonts/type1/public/amsfonts/cm/cmbx7.pfb></usr/share/texli
ve/texmf-dist/fonts/type1/public/amsfonts/cm/cmbx9.pfb></usr/share/texlive/texm
f-dist/fonts/type1/public/amsfonts/cm/cmbxsl10.pfb></usr/share/texlive/texmf-di
st/fonts/type1/public/amsfonts/cm/cmbxti10.pfb></usr/share/texlive/texmf-dist/f
onts/type1/public/amsfonts/cm/cmr10.pfb></usr/share/texlive/texmf-dist/fonts/ty
pe1/public/amsfonts/cm/cmr12.pfb></usr/share/texlive/texmf-dist/fonts/type1/pub
lic/amsfonts/cm/cmr17.pfb></usr/share/texlive/texmf-dist/fonts/type1/public/ams
fonts/cm/cmr7.pfb></usr/share/texlive/texmf-dist/fonts/type1/public/amsfonts/cm
/cmr9.pfb></usr/share/texlive/texmf-dist/fonts/type1/public/amsfonts/cm/cmsy10.
pfb></usr/share/texlive/texmf-dist/fonts/type1/public/amsfonts/cm/cmti12.pfb></
usr/share/texlive/texmf-dist/fonts/type1/public/amsfonts/cm/cmtt10.pfb></usr/sh
are/texlive/texmf-dist/fonts/type1/public/amsfonts/cm/cmtt12.pfb></usr/share/te
xlive/texmf-dist/fonts/type1/public/amsfonts/cm/cmtt8.pfb>
Output written on tp0.pdf (16 pages, 547931 bytes).
PDF statistics:
 314 PDF objects out of 1000 (max. 8388607)
 251 compressed objects within 3 object streams
 79 named destinations out of 1000 (max. 500000)
 178 words of extra memory for PDF output out of 10000 (max. 10000000)

